<?xml version="1.0" encoding="UTF-8"?>
<coverage generated="1523469530746" clover="3.2.0">
  <project timestamp="1523469530746" name="All files">
    <metrics statements="37" coveredstatements="12" conditionals="8" coveredconditionals="1" methods="20" coveredmethods="6" elements="65" coveredelements="19" complexity="0" loc="37" ncloc="37" packages="2" files="4" classes="4">
      <package name="pawsForAMoment">
        <metrics statements="3" coveredstatements="3" conditionals="0" coveredconditionals="0" methods="1" coveredmethods="1"/>
        <file name="App.js" path="/Users/Ian/code/pawsForAMoment/App.js">
          <metrics statements="3" coveredstatements="3" conditionals="0" coveredconditionals="0" methods="1" coveredmethods="1"/>
          <line num="9" count="1" type="stmt"/>
          <line num="30" count="1" type="stmt"/>
          <line num="38" count="1" type="stmt"/>
        </file>
      </package>
      <package name="pawsForAMoment.Comp">
        <metrics statements="34" coveredstatements="9" conditionals="8" coveredconditionals="1" methods="19" coveredmethods="5"/>
        <file name="CreateUser.js" path="/Users/Ian/code/pawsForAMoment/Comp/CreateUser.js">
          <metrics statements="17" coveredstatements="3" conditionals="4" coveredconditionals="0" methods="9" coveredmethods="2"/>
          <line num="7" count="1" type="stmt"/>
          <line num="8" count="1" type="stmt"/>
          <line num="17" count="0" type="stmt"/>
          <line num="18" count="0" type="cond" truecount="0" falsecount="2"/>
          <line num="19" count="0" type="stmt"/>
          <line num="31" count="0" type="cond" truecount="0" falsecount="2"/>
          <line num="32" count="0" type="stmt"/>
          <line num="34" count="0" type="stmt"/>
          <line num="36" count="0" type="stmt"/>
          <line num="39" count="0" type="stmt"/>
          <line num="40" count="0" type="stmt"/>
          <line num="44" count="0" type="stmt"/>
          <line num="51" count="1" type="stmt"/>
          <line num="55" count="0" type="stmt"/>
          <line num="61" count="0" type="stmt"/>
          <line num="67" count="0" type="stmt"/>
          <line num="73" count="0" type="stmt"/>
        </file>
        <file name="Login.js" path="/Users/Ian/code/pawsForAMoment/Comp/Login.js">
          <metrics statements="14" coveredstatements="3" conditionals="2" coveredconditionals="0" methods="9" coveredmethods="2"/>
          <line num="7" count="2" type="stmt"/>
          <line num="8" count="2" type="stmt"/>
          <line num="16" count="0" type="stmt"/>
          <line num="28" count="0" type="cond" truecount="0" falsecount="2"/>
          <line num="29" count="0" type="stmt"/>
          <line num="33" count="0" type="stmt"/>
          <line num="37" count="0" type="stmt"/>
          <line num="40" count="0" type="stmt"/>
          <line num="41" count="0" type="stmt"/>
          <line num="46" count="2" type="stmt"/>
          <line num="50" count="0" type="stmt"/>
          <line num="56" count="0" type="stmt"/>
          <line num="64" count="0" type="stmt"/>
          <line num="69" count="0" type="stmt"/>
        </file>
        <file name="MyPage.js" path="/Users/Ian/code/pawsForAMoment/Comp/MyPage.js">
          <metrics statements="3" coveredstatements="3" conditionals="2" coveredconditionals="1" methods="1" coveredmethods="1"/>
          <line num="7" count="1" type="stmt"/>
          <line num="8" count="1" type="cond" truecount="1" falsecount="1"/>
          <line num="10" count="1" type="stmt"/>
        </file>
      </package>
    </metrics>
  </project>
</coverage>
