{"/Users/Ian/code/pawsForAMoment/App.js": {"path":"/Users/Ian/code/pawsForAMoment/App.js","statementMap":{"0":{"start":{"line":9,"column":2},"end":{"line":24,"column":1}},"1":{"start":{"line":30,"column":4},"end":{"line":34,"column":6}},"2":{"start":{"line":38,"column":15},"end":{"line":43,"column":2}}},"fnMap":{"0":{"name":"(anonymous_0)","decl":{"start":{"line":29,"column":2},"end":{"line":29,"column":3}},"loc":{"start":{"line":29,"column":11},"end":{"line":35,"column":3}},"line":29}},"branchMap":{},"s":{"0":1,"1":1,"2":1},"f":{"0":1},"b":{},"_coverageSchema":"332fd63041d2c1bcb487cc26dd0d5f7d97098a6c","hash":"738742222c7a23d8f24b3b57b92d2099d7476af0"}
,"/Users/Ian/code/pawsForAMoment/Comp/CreateUser.js": {"path":"/Users/Ian/code/pawsForAMoment/Comp/CreateUser.js","statementMap":{"0":{"start":{"line":7,"column":4},"end":{"line":7,"column":16}},"1":{"start":{"line":8,"column":4},"end":{"line":13,"column":5}},"2":{"start":{"line":17,"column":4},"end":{"line":17,"column":23}},"3":{"start":{"line":18,"column":4},"end":{"line":47,"column":5}},"4":{"start":{"line":19,"column":6},"end":{"line":41,"column":8}},"5":{"start":{"line":31,"column":8},"end":{"line":35,"column":9}},"6":{"start":{"line":32,"column":10},"end":{"line":32,"column":50}},"7":{"start":{"line":34,"column":10},"end":{"line":34,"column":57}},"8":{"start":{"line":36,"column":8},"end":{"line":36,"column":19}},"9":{"start":{"line":39,"column":8},"end":{"line":39,"column":24}},"10":{"start":{"line":40,"column":8},"end":{"line":40,"column":19}},"11":{"start":{"line":44,"column":6},"end":{"line":46,"column":8}},"12":{"start":{"line":51,"column":4},"end":{"line":77,"column":5}},"13":{"start":{"line":55,"column":36},"end":{"line":55,"column":71}},"14":{"start":{"line":61,"column":36},"end":{"line":61,"column":71}},"15":{"start":{"line":67,"column":36},"end":{"line":67,"column":76}},"16":{"start":{"line":73,"column":24},"end":{"line":73,"column":36}}},"fnMap":{"0":{"name":"(anonymous_0)","decl":{"start":{"line":6,"column":2},"end":{"line":6,"column":3}},"loc":{"start":{"line":6,"column":21},"end":{"line":14,"column":3}},"line":6},"1":{"name":"(anonymous_1)","decl":{"start":{"line":16,"column":2},"end":{"line":16,"column":3}},"loc":{"start":{"line":16,"column":10},"end":{"line":48,"column":3}},"line":16},"2":{"name":"(anonymous_2)","decl":{"start":{"line":30,"column":12},"end":{"line":30,"column":13}},"loc":{"start":{"line":30,"column":21},"end":{"line":37,"column":7}},"line":30},"3":{"name":"(anonymous_3)","decl":{"start":{"line":38,"column":13},"end":{"line":38,"column":14}},"loc":{"start":{"line":38,"column":22},"end":{"line":41,"column":7}},"line":38},"4":{"name":"(anonymous_4)","decl":{"start":{"line":50,"column":2},"end":{"line":50,"column":3}},"loc":{"start":{"line":50,"column":11},"end":{"line":78,"column":3}},"line":50},"5":{"name":"(anonymous_5)","decl":{"start":{"line":55,"column":22},"end":{"line":55,"column":23}},"loc":{"start":{"line":55,"column":36},"end":{"line":55,"column":71}},"line":55},"6":{"name":"(anonymous_6)","decl":{"start":{"line":61,"column":22},"end":{"line":61,"column":23}},"loc":{"start":{"line":61,"column":36},"end":{"line":61,"column":71}},"line":61},"7":{"name":"(anonymous_7)","decl":{"start":{"line":67,"column":22},"end":{"line":67,"column":23}},"loc":{"start":{"line":67,"column":36},"end":{"line":67,"column":76}},"line":67},"8":{"name":"(anonymous_8)","decl":{"start":{"line":73,"column":17},"end":{"line":73,"column":18}},"loc":{"start":{"line":73,"column":24},"end":{"line":73,"column":36}},"line":73}},"branchMap":{"0":{"loc":{"start":{"line":18,"column":4},"end":{"line":47,"column":5}},"type":"if","locations":[{"start":{"line":18,"column":4},"end":{"line":47,"column":5}},{"start":{"line":18,"column":4},"end":{"line":47,"column":5}}],"line":18},"1":{"loc":{"start":{"line":31,"column":8},"end":{"line":35,"column":9}},"type":"if","locations":[{"start":{"line":31,"column":8},"end":{"line":35,"column":9}},{"start":{"line":31,"column":8},"end":{"line":35,"column":9}}],"line":31}},"s":{"0":1,"1":1,"2":0,"3":0,"4":0,"5":0,"6":0,"7":0,"8":0,"9":0,"10":0,"11":0,"12":1,"13":0,"14":0,"15":0,"16":0},"f":{"0":1,"1":0,"2":0,"3":0,"4":1,"5":0,"6":0,"7":0,"8":0},"b":{"0":[0,0],"1":[0,0]},"_coverageSchema":"332fd63041d2c1bcb487cc26dd0d5f7d97098a6c","hash":"95595ec30eee845907155bd2bef6690b9dbd16ab"}
,"/Users/Ian/code/pawsForAMoment/Comp/Login.js": {"path":"/Users/Ian/code/pawsForAMoment/Comp/Login.js","statementMap":{"0":{"start":{"line":7,"column":4},"end":{"line":7,"column":16}},"1":{"start":{"line":8,"column":4},"end":{"line":12,"column":5}},"2":{"start":{"line":16,"column":4},"end":{"line":42,"column":6}},"3":{"start":{"line":28,"column":6},"end":{"line":36,"column":7}},"4":{"start":{"line":29,"column":8},"end":{"line":31,"column":10}},"5":{"start":{"line":33,"column":8},"end":{"line":35,"column":10}},"6":{"start":{"line":37,"column":6},"end":{"line":37,"column":17}},"7":{"start":{"line":40,"column":6},"end":{"line":40,"column":22}},"8":{"start":{"line":41,"column":6},"end":{"line":41,"column":17}},"9":{"start":{"line":46,"column":4},"end":{"line":72,"column":5}},"10":{"start":{"line":50,"column":38},"end":{"line":50,"column":73}},"11":{"start":{"line":56,"column":38},"end":{"line":56,"column":73}},"12":{"start":{"line":64,"column":26},"end":{"line":64,"column":38}},"13":{"start":{"line":69,"column":26},"end":{"line":69,"column":70}}},"fnMap":{"0":{"name":"(anonymous_0)","decl":{"start":{"line":6,"column":2},"end":{"line":6,"column":3}},"loc":{"start":{"line":6,"column":21},"end":{"line":13,"column":3}},"line":6},"1":{"name":"(anonymous_1)","decl":{"start":{"line":15,"column":2},"end":{"line":15,"column":3}},"loc":{"start":{"line":15,"column":10},"end":{"line":43,"column":3}},"line":15},"2":{"name":"(anonymous_2)","decl":{"start":{"line":27,"column":10},"end":{"line":27,"column":11}},"loc":{"start":{"line":27,"column":19},"end":{"line":38,"column":5}},"line":27},"3":{"name":"(anonymous_3)","decl":{"start":{"line":39,"column":11},"end":{"line":39,"column":12}},"loc":{"start":{"line":39,"column":20},"end":{"line":42,"column":5}},"line":39},"4":{"name":"(anonymous_4)","decl":{"start":{"line":45,"column":2},"end":{"line":45,"column":3}},"loc":{"start":{"line":45,"column":11},"end":{"line":73,"column":3}},"line":45},"5":{"name":"(anonymous_5)","decl":{"start":{"line":50,"column":24},"end":{"line":50,"column":25}},"loc":{"start":{"line":50,"column":38},"end":{"line":50,"column":73}},"line":50},"6":{"name":"(anonymous_6)","decl":{"start":{"line":56,"column":24},"end":{"line":56,"column":25}},"loc":{"start":{"line":56,"column":38},"end":{"line":56,"column":73}},"line":56},"7":{"name":"(anonymous_7)","decl":{"start":{"line":64,"column":19},"end":{"line":64,"column":20}},"loc":{"start":{"line":64,"column":26},"end":{"line":64,"column":38}},"line":64},"8":{"name":"(anonymous_8)","decl":{"start":{"line":69,"column":21},"end":{"line":69,"column":22}},"loc":{"start":{"line":69,"column":25},"end":{"line":69,"column":71}},"line":69}},"branchMap":{"0":{"loc":{"start":{"line":28,"column":6},"end":{"line":36,"column":7}},"type":"if","locations":[{"start":{"line":28,"column":6},"end":{"line":36,"column":7}},{"start":{"line":28,"column":6},"end":{"line":36,"column":7}}],"line":28}},"s":{"0":2,"1":2,"2":0,"3":0,"4":0,"5":0,"6":0,"7":0,"8":0,"9":2,"10":0,"11":0,"12":0,"13":0},"f":{"0":2,"1":0,"2":0,"3":0,"4":2,"5":0,"6":0,"7":0,"8":0},"b":{"0":[0,0]},"_coverageSchema":"332fd63041d2c1bcb487cc26dd0d5f7d97098a6c","hash":"24337a956e3d6733a772edea5e5972eb75331449"}
,"/Users/Ian/code/pawsForAMoment/Comp/MyPage.js": {"path":"/Users/Ian/code/pawsForAMoment/Comp/MyPage.js","statementMap":{"0":{"start":{"line":7,"column":23},"end":{"line":7,"column":50}},"1":{"start":{"line":8,"column":21},"end":{"line":8,"column":52}},"2":{"start":{"line":10,"column":4},"end":{"line":14,"column":5}}},"fnMap":{"0":{"name":"(anonymous_0)","decl":{"start":{"line":6,"column":2},"end":{"line":6,"column":3}},"loc":{"start":{"line":6,"column":11},"end":{"line":15,"column":3}},"line":6}},"branchMap":{"0":{"loc":{"start":{"line":8,"column":21},"end":{"line":8,"column":52}},"type":"cond-expr","locations":[{"start":{"line":8,"column":30},"end":{"line":8,"column":45}},{"start":{"line":8,"column":48},"end":{"line":8,"column":52}}],"line":8}},"s":{"0":1,"1":1,"2":1},"f":{"0":1},"b":{"0":[1,0]},"_coverageSchema":"332fd63041d2c1bcb487cc26dd0d5f7d97098a6c","hash":"b28ee9be435bf5bc6f611ae159f6637f432c056e"}
}
