{"/Users/kelseysteinmann/Code/pawsForAMoment/App.js": {"path":"/Users/kelseysteinmann/Code/pawsForAMoment/App.js","statementMap":{"0":{"start":{"line":15,"column":4},"end":{"line":15,"column":16}},"1":{"start":{"line":16,"column":4},"end":{"line":22,"column":5}},"2":{"start":{"line":23,"column":4},"end":{"line":23,"column":51}},"3":{"start":{"line":27,"column":4},"end":{"line":27,"column":23}},"4":{"start":{"line":31,"column":4},"end":{"line":139,"column":5}},"5":{"start":{"line":33,"column":8},"end":{"line":48,"column":10}},"6":{"start":{"line":49,"column":8},"end":{"line":49,"column":14}},"7":{"start":{"line":51,"column":8},"end":{"line":66,"column":10}},"8":{"start":{"line":67,"column":8},"end":{"line":67,"column":14}},"9":{"start":{"line":69,"column":8},"end":{"line":84,"column":10}},"10":{"start":{"line":85,"column":8},"end":{"line":85,"column":14}},"11":{"start":{"line":87,"column":8},"end":{"line":102,"column":10}},"12":{"start":{"line":103,"column":8},"end":{"line":103,"column":14}},"13":{"start":{"line":105,"column":8},"end":{"line":120,"column":10}},"14":{"start":{"line":121,"column":8},"end":{"line":121,"column":14}},"15":{"start":{"line":123,"column":8},"end":{"line":138,"column":10}},"16":{"start":{"line":143,"column":15},"end":{"line":154,"column":2}},"17":{"start":{"line":156,"column":0},"end":{"line":156,"column":32}}},"fnMap":{"0":{"name":"(anonymous_0)","decl":{"start":{"line":14,"column":2},"end":{"line":14,"column":3}},"loc":{"start":{"line":14,"column":21},"end":{"line":24,"column":3}},"line":14},"1":{"name":"(anonymous_1)","decl":{"start":{"line":26,"column":2},"end":{"line":26,"column":3}},"loc":{"start":{"line":26,"column":18},"end":{"line":28,"column":3}},"line":26},"2":{"name":"(anonymous_2)","decl":{"start":{"line":30,"column":2},"end":{"line":30,"column":3}},"loc":{"start":{"line":30,"column":11},"end":{"line":140,"column":3}},"line":30}},"branchMap":{"0":{"loc":{"start":{"line":31,"column":4},"end":{"line":139,"column":5}},"type":"switch","locations":[{"start":{"line":32,"column":6},"end":{"line":49,"column":14}},{"start":{"line":50,"column":6},"end":{"line":67,"column":14}},{"start":{"line":68,"column":6},"end":{"line":85,"column":14}},{"start":{"line":86,"column":6},"end":{"line":103,"column":14}},{"start":{"line":104,"column":6},"end":{"line":121,"column":14}},{"start":{"line":122,"column":6},"end":{"line":138,"column":10}}],"line":31}},"s":{"0":2,"1":2,"2":2,"3":0,"4":2,"5":2,"6":0,"7":0,"8":0,"9":0,"10":0,"11":0,"12":0,"13":0,"14":0,"15":0,"16":2,"17":2},"f":{"0":2,"1":0,"2":2},"b":{"0":[2,0,0,0,0,0]},"_coverageSchema":"332fd63041d2c1bcb487cc26dd0d5f7d97098a6c","hash":"472f7b9a291eee5f35727b506d3dcaf1c1c389fb"}
,"/Users/kelseysteinmann/Code/pawsForAMoment/Comp/CreateUser.js": {"path":"/Users/kelseysteinmann/Code/pawsForAMoment/Comp/CreateUser.js","statementMap":{"0":{"start":{"line":6,"column":4},"end":{"line":6,"column":16}},"1":{"start":{"line":7,"column":4},"end":{"line":12,"column":5}},"2":{"start":{"line":16,"column":4},"end":{"line":16,"column":23}},"3":{"start":{"line":17,"column":4},"end":{"line":51,"column":5}},"4":{"start":{"line":18,"column":6},"end":{"line":46,"column":8}},"5":{"start":{"line":30,"column":8},"end":{"line":40,"column":9}},"6":{"start":{"line":31,"column":10},"end":{"line":35,"column":12}},"7":{"start":{"line":37,"column":10},"end":{"line":39,"column":12}},"8":{"start":{"line":41,"column":8},"end":{"line":41,"column":19}},"9":{"start":{"line":44,"column":8},"end":{"line":44,"column":24}},"10":{"start":{"line":45,"column":8},"end":{"line":45,"column":19}},"11":{"start":{"line":48,"column":6},"end":{"line":50,"column":8}},"12":{"start":{"line":55,"column":4},"end":{"line":84,"column":5}},"13":{"start":{"line":59,"column":38},"end":{"line":59,"column":73}},"14":{"start":{"line":66,"column":38},"end":{"line":66,"column":73}},"15":{"start":{"line":73,"column":38},"end":{"line":73,"column":78}},"16":{"start":{"line":79,"column":26},"end":{"line":79,"column":44}}},"fnMap":{"0":{"name":"(anonymous_0)","decl":{"start":{"line":5,"column":2},"end":{"line":5,"column":3}},"loc":{"start":{"line":5,"column":21},"end":{"line":13,"column":3}},"line":5},"1":{"name":"(anonymous_1)","decl":{"start":{"line":15,"column":2},"end":{"line":15,"column":3}},"loc":{"start":{"line":15,"column":16},"end":{"line":52,"column":3}},"line":15},"2":{"name":"(anonymous_2)","decl":{"start":{"line":29,"column":12},"end":{"line":29,"column":13}},"loc":{"start":{"line":29,"column":21},"end":{"line":42,"column":7}},"line":29},"3":{"name":"(anonymous_3)","decl":{"start":{"line":43,"column":13},"end":{"line":43,"column":14}},"loc":{"start":{"line":43,"column":22},"end":{"line":46,"column":7}},"line":43},"4":{"name":"(anonymous_4)","decl":{"start":{"line":54,"column":2},"end":{"line":54,"column":3}},"loc":{"start":{"line":54,"column":11},"end":{"line":85,"column":3}},"line":54},"5":{"name":"(anonymous_5)","decl":{"start":{"line":59,"column":24},"end":{"line":59,"column":25}},"loc":{"start":{"line":59,"column":38},"end":{"line":59,"column":73}},"line":59},"6":{"name":"(anonymous_6)","decl":{"start":{"line":66,"column":24},"end":{"line":66,"column":25}},"loc":{"start":{"line":66,"column":38},"end":{"line":66,"column":73}},"line":66},"7":{"name":"(anonymous_7)","decl":{"start":{"line":73,"column":24},"end":{"line":73,"column":25}},"loc":{"start":{"line":73,"column":38},"end":{"line":73,"column":78}},"line":73},"8":{"name":"(anonymous_8)","decl":{"start":{"line":79,"column":19},"end":{"line":79,"column":20}},"loc":{"start":{"line":79,"column":26},"end":{"line":79,"column":44}},"line":79}},"branchMap":{"0":{"loc":{"start":{"line":17,"column":4},"end":{"line":51,"column":5}},"type":"if","locations":[{"start":{"line":17,"column":4},"end":{"line":51,"column":5}},{"start":{"line":17,"column":4},"end":{"line":51,"column":5}}],"line":17},"1":{"loc":{"start":{"line":30,"column":8},"end":{"line":40,"column":9}},"type":"if","locations":[{"start":{"line":30,"column":8},"end":{"line":40,"column":9}},{"start":{"line":30,"column":8},"end":{"line":40,"column":9}}],"line":30}},"s":{"0":2,"1":2,"2":0,"3":0,"4":0,"5":0,"6":0,"7":0,"8":0,"9":0,"10":0,"11":0,"12":2,"13":0,"14":0,"15":0,"16":0},"f":{"0":2,"1":0,"2":0,"3":0,"4":2,"5":0,"6":0,"7":0,"8":0},"b":{"0":[0,0],"1":[0,0]},"_coverageSchema":"332fd63041d2c1bcb487cc26dd0d5f7d97098a6c","hash":"8114c563eac5a48e54e5d4bd0622b455cd71e536"}
,"/Users/kelseysteinmann/Code/pawsForAMoment/Comp/LandingPage.js": {"path":"/Users/kelseysteinmann/Code/pawsForAMoment/Comp/LandingPage.js","statementMap":{"0":{"start":{"line":6,"column":4},"end":{"line":6,"column":16}},"1":{"start":{"line":7,"column":4},"end":{"line":9,"column":5}},"2":{"start":{"line":13,"column":4},"end":{"line":25,"column":6}},"3":{"start":{"line":15,"column":5},"end":{"line":15,"column":23}},"4":{"start":{"line":18,"column":20},"end":{"line":21,"column":8}},"5":{"start":{"line":19,"column":8},"end":{"line":19,"column":45}},"6":{"start":{"line":20,"column":8},"end":{"line":20,"column":14}},"7":{"start":{"line":22,"column":6},"end":{"line":24,"column":8}},"8":{"start":{"line":23,"column":8},"end":{"line":23,"column":50}},"9":{"start":{"line":29,"column":4},"end":{"line":36,"column":5}},"10":{"start":{"line":32,"column":26},"end":{"line":32,"column":42}}},"fnMap":{"0":{"name":"(anonymous_0)","decl":{"start":{"line":5,"column":2},"end":{"line":5,"column":3}},"loc":{"start":{"line":5,"column":21},"end":{"line":10,"column":3}},"line":5},"1":{"name":"(anonymous_1)","decl":{"start":{"line":12,"column":2},"end":{"line":12,"column":3}},"loc":{"start":{"line":12,"column":14},"end":{"line":26,"column":3}},"line":12},"2":{"name":"(anonymous_2)","decl":{"start":{"line":14,"column":10},"end":{"line":14,"column":11}},"loc":{"start":{"line":14,"column":19},"end":{"line":16,"column":5}},"line":14},"3":{"name":"(anonymous_3)","decl":{"start":{"line":17,"column":10},"end":{"line":17,"column":11}},"loc":{"start":{"line":17,"column":20},"end":{"line":25,"column":5}},"line":17},"4":{"name":"(anonymous_4)","decl":{"start":{"line":18,"column":32},"end":{"line":18,"column":33}},"loc":{"start":{"line":18,"column":46},"end":{"line":21,"column":7}},"line":18},"5":{"name":"(anonymous_5)","decl":{"start":{"line":22,"column":19},"end":{"line":22,"column":20}},"loc":{"start":{"line":22,"column":25},"end":{"line":24,"column":7}},"line":22},"6":{"name":"(anonymous_6)","decl":{"start":{"line":28,"column":2},"end":{"line":28,"column":3}},"loc":{"start":{"line":28,"column":11},"end":{"line":37,"column":3}},"line":28},"7":{"name":"(anonymous_7)","decl":{"start":{"line":32,"column":19},"end":{"line":32,"column":20}},"loc":{"start":{"line":32,"column":26},"end":{"line":32,"column":42}},"line":32}},"branchMap":{},"s":{"0":3,"1":3,"2":0,"3":0,"4":0,"5":0,"6":0,"7":0,"8":0,"9":3,"10":0},"f":{"0":3,"1":0,"2":0,"3":0,"4":0,"5":0,"6":3,"7":0},"b":{},"_coverageSchema":"332fd63041d2c1bcb487cc26dd0d5f7d97098a6c","hash":"3fc1203cde5404dbedbb732be5ebd97f8269f620"}
,"/Users/kelseysteinmann/Code/pawsForAMoment/Comp/Login.js": {"path":"/Users/kelseysteinmann/Code/pawsForAMoment/Comp/Login.js","statementMap":{"0":{"start":{"line":6,"column":4},"end":{"line":6,"column":16}},"1":{"start":{"line":7,"column":4},"end":{"line":11,"column":5}},"2":{"start":{"line":15,"column":4},"end":{"line":43,"column":6}},"3":{"start":{"line":27,"column":6},"end":{"line":37,"column":7}},"4":{"start":{"line":28,"column":8},"end":{"line":32,"column":11}},"5":{"start":{"line":34,"column":8},"end":{"line":36,"column":10}},"6":{"start":{"line":38,"column":6},"end":{"line":38,"column":17}},"7":{"start":{"line":41,"column":6},"end":{"line":41,"column":22}},"8":{"start":{"line":42,"column":6},"end":{"line":42,"column":17}},"9":{"start":{"line":47,"column":4},"end":{"line":74,"column":5}},"10":{"start":{"line":51,"column":38},"end":{"line":51,"column":73}},"11":{"start":{"line":58,"column":38},"end":{"line":58,"column":73}},"12":{"start":{"line":65,"column":26},"end":{"line":65,"column":39}},"13":{"start":{"line":70,"column":24},"end":{"line":70,"column":71}}},"fnMap":{"0":{"name":"(anonymous_0)","decl":{"start":{"line":5,"column":2},"end":{"line":5,"column":3}},"loc":{"start":{"line":5,"column":21},"end":{"line":12,"column":3}},"line":5},"1":{"name":"(anonymous_1)","decl":{"start":{"line":14,"column":2},"end":{"line":14,"column":3}},"loc":{"start":{"line":14,"column":11},"end":{"line":44,"column":3}},"line":14},"2":{"name":"(anonymous_2)","decl":{"start":{"line":26,"column":10},"end":{"line":26,"column":11}},"loc":{"start":{"line":26,"column":19},"end":{"line":39,"column":5}},"line":26},"3":{"name":"(anonymous_3)","decl":{"start":{"line":40,"column":11},"end":{"line":40,"column":12}},"loc":{"start":{"line":40,"column":20},"end":{"line":43,"column":5}},"line":40},"4":{"name":"(anonymous_4)","decl":{"start":{"line":46,"column":2},"end":{"line":46,"column":3}},"loc":{"start":{"line":46,"column":11},"end":{"line":75,"column":3}},"line":46},"5":{"name":"(anonymous_5)","decl":{"start":{"line":51,"column":24},"end":{"line":51,"column":25}},"loc":{"start":{"line":51,"column":38},"end":{"line":51,"column":73}},"line":51},"6":{"name":"(anonymous_6)","decl":{"start":{"line":58,"column":24},"end":{"line":58,"column":25}},"loc":{"start":{"line":58,"column":38},"end":{"line":58,"column":73}},"line":58},"7":{"name":"(anonymous_7)","decl":{"start":{"line":65,"column":19},"end":{"line":65,"column":20}},"loc":{"start":{"line":65,"column":26},"end":{"line":65,"column":39}},"line":65},"8":{"name":"(anonymous_8)","decl":{"start":{"line":70,"column":19},"end":{"line":70,"column":20}},"loc":{"start":{"line":70,"column":24},"end":{"line":70,"column":71}},"line":70}},"branchMap":{"0":{"loc":{"start":{"line":27,"column":6},"end":{"line":37,"column":7}},"type":"if","locations":[{"start":{"line":27,"column":6},"end":{"line":37,"column":7}},{"start":{"line":27,"column":6},"end":{"line":37,"column":7}}],"line":27}},"s":{"0":2,"1":2,"2":0,"3":0,"4":0,"5":0,"6":0,"7":0,"8":0,"9":2,"10":0,"11":0,"12":0,"13":0},"f":{"0":2,"1":0,"2":0,"3":0,"4":2,"5":0,"6":0,"7":0,"8":0},"b":{"0":[0,0]},"_coverageSchema":"332fd63041d2c1bcb487cc26dd0d5f7d97098a6c","hash":"884a4ce970ed3cb4fb3f82ede7f2086a3fdaf70a"}
,"/Users/kelseysteinmann/Code/pawsForAMoment/Comp/MyPage.js": {"path":"/Users/kelseysteinmann/Code/pawsForAMoment/Comp/MyPage.js","statementMap":{"0":{"start":{"line":6,"column":4},"end":{"line":6,"column":17}},"1":{"start":{"line":7,"column":4},"end":{"line":8,"column":5}},"2":{"start":{"line":12,"column":4},"end":{"line":16,"column":5}}},"fnMap":{"0":{"name":"(anonymous_0)","decl":{"start":{"line":5,"column":2},"end":{"line":5,"column":3}},"loc":{"start":{"line":5,"column":21},"end":{"line":9,"column":3}},"line":5},"1":{"name":"(anonymous_1)","decl":{"start":{"line":11,"column":2},"end":{"line":11,"column":3}},"loc":{"start":{"line":11,"column":11},"end":{"line":17,"column":3}},"line":11}},"branchMap":{},"s":{"0":2,"1":2,"2":2},"f":{"0":2,"1":2},"b":{},"_coverageSchema":"332fd63041d2c1bcb487cc26dd0d5f7d97098a6c","hash":"829ba84f7d3da6b562f45f056987ddb588db3fc3"}
,"/Users/kelseysteinmann/Code/pawsForAMoment/Comp/NavBar.js": {"path":"/Users/kelseysteinmann/Code/pawsForAMoment/Comp/NavBar.js","statementMap":{"0":{"start":{"line":6,"column":4},"end":{"line":6,"column":16}},"1":{"start":{"line":7,"column":4},"end":{"line":9,"column":5}},"2":{"start":{"line":13,"column":4},"end":{"line":43,"column":5}},"3":{"start":{"line":14,"column":6},"end":{"line":25,"column":7}},"4":{"start":{"line":17,"column":27},"end":{"line":17,"column":69}},"5":{"start":{"line":21,"column":27},"end":{"line":21,"column":75}},"6":{"start":{"line":26,"column":11},"end":{"line":43,"column":5}},"7":{"start":{"line":27,"column":6},"end":{"line":42,"column":7}},"8":{"start":{"line":30,"column":27},"end":{"line":30,"column":86}},"9":{"start":{"line":34,"column":27},"end":{"line":34,"column":75}},"10":{"start":{"line":38,"column":27},"end":{"line":38,"column":70}},"11":{"start":{"line":47,"column":15},"end":{"line":55,"column":2}}},"fnMap":{"0":{"name":"(anonymous_0)","decl":{"start":{"line":5,"column":2},"end":{"line":5,"column":3}},"loc":{"start":{"line":5,"column":21},"end":{"line":10,"column":3}},"line":5},"1":{"name":"(anonymous_1)","decl":{"start":{"line":12,"column":2},"end":{"line":12,"column":3}},"loc":{"start":{"line":12,"column":11},"end":{"line":44,"column":3}},"line":12},"2":{"name":"(anonymous_2)","decl":{"start":{"line":17,"column":21},"end":{"line":17,"column":22}},"loc":{"start":{"line":17,"column":27},"end":{"line":17,"column":69}},"line":17},"3":{"name":"(anonymous_3)","decl":{"start":{"line":21,"column":21},"end":{"line":21,"column":22}},"loc":{"start":{"line":21,"column":27},"end":{"line":21,"column":75}},"line":21},"4":{"name":"(anonymous_4)","decl":{"start":{"line":30,"column":21},"end":{"line":30,"column":22}},"loc":{"start":{"line":30,"column":27},"end":{"line":30,"column":86}},"line":30},"5":{"name":"(anonymous_5)","decl":{"start":{"line":34,"column":21},"end":{"line":34,"column":22}},"loc":{"start":{"line":34,"column":27},"end":{"line":34,"column":75}},"line":34},"6":{"name":"(anonymous_6)","decl":{"start":{"line":38,"column":21},"end":{"line":38,"column":22}},"loc":{"start":{"line":38,"column":27},"end":{"line":38,"column":70}},"line":38}},"branchMap":{"0":{"loc":{"start":{"line":13,"column":4},"end":{"line":43,"column":5}},"type":"if","locations":[{"start":{"line":13,"column":4},"end":{"line":43,"column":5}},{"start":{"line":13,"column":4},"end":{"line":43,"column":5}}],"line":13},"1":{"loc":{"start":{"line":26,"column":11},"end":{"line":43,"column":5}},"type":"if","locations":[{"start":{"line":26,"column":11},"end":{"line":43,"column":5}},{"start":{"line":26,"column":11},"end":{"line":43,"column":5}}],"line":26}},"s":{"0":2,"1":2,"2":2,"3":2,"4":0,"5":0,"6":0,"7":0,"8":0,"9":0,"10":0,"11":2},"f":{"0":2,"1":2,"2":0,"3":0,"4":0,"5":0,"6":0},"b":{"0":[2,0],"1":[0,0]},"_coverageSchema":"332fd63041d2c1bcb487cc26dd0d5f7d97098a6c","hash":"7aeeeb7d808733c47b6be95b0764fdcb5b3ccba1"}
,"/Users/kelseysteinmann/Code/pawsForAMoment/Comp/Pets.js": {"path":"/Users/kelseysteinmann/Code/pawsForAMoment/Comp/Pets.js","statementMap":{"0":{"start":{"line":6,"column":4},"end":{"line":6,"column":17}},"1":{"start":{"line":7,"column":4},"end":{"line":9,"column":5}},"2":{"start":{"line":13,"column":15},"end":{"line":13,"column":42}},"3":{"start":{"line":14,"column":21},"end":{"line":14,"column":23}},"4":{"start":{"line":15,"column":4},"end":{"line":22,"column":5}},"5":{"start":{"line":16,"column":6},"end":{"line":21,"column":8}},"6":{"start":{"line":23,"column":4},"end":{"line":25,"column":6}},"7":{"start":{"line":29,"column":4},"end":{"line":36,"column":5}},"8":{"start":{"line":33,"column":25},"end":{"line":33,"column":59}},"9":{"start":{"line":40,"column":15},"end":{"line":53,"column":2}}},"fnMap":{"0":{"name":"(anonymous_0)","decl":{"start":{"line":5,"column":2},"end":{"line":5,"column":3}},"loc":{"start":{"line":5,"column":21},"end":{"line":10,"column":3}},"line":5},"1":{"name":"(anonymous_1)","decl":{"start":{"line":12,"column":2},"end":{"line":12,"column":3}},"loc":{"start":{"line":12,"column":22},"end":{"line":26,"column":3}},"line":12},"2":{"name":"(anonymous_2)","decl":{"start":{"line":28,"column":2},"end":{"line":28,"column":3}},"loc":{"start":{"line":28,"column":11},"end":{"line":37,"column":3}},"line":28},"3":{"name":"(anonymous_3)","decl":{"start":{"line":33,"column":19},"end":{"line":33,"column":20}},"loc":{"start":{"line":33,"column":25},"end":{"line":33,"column":59}},"line":33}},"branchMap":{},"s":{"0":0,"1":0,"2":0,"3":0,"4":0,"5":0,"6":0,"7":0,"8":0,"9":2},"f":{"0":0,"1":0,"2":0,"3":0},"b":{},"_coverageSchema":"332fd63041d2c1bcb487cc26dd0d5f7d97098a6c","hash":"13d75f2b32448f2233b1ae08c54195ed32bed27d"}
,"/Users/kelseysteinmann/Code/pawsForAMoment/Images/pawsLogo.jpg": {"path":"/Users/kelseysteinmann/Code/pawsForAMoment/Images/pawsLogo.jpg","statementMap":{"0":{"start":{"line":1,"column":0},"end":{"line":1,"column":19}}},"fnMap":{},"branchMap":{},"s":{"0":2},"f":{},"b":{},"_coverageSchema":"332fd63041d2c1bcb487cc26dd0d5f7d97098a6c","hash":"40298c9bc2828406a1e2f56bfdf6c63471db80e3"}
}
